<?xml version="1.0" encoding="UTF-8"?>

<beans xmlns="http://www.springframework.org/schema/beans"
	xmlns:xsi="http://www.w3.org/2001/XMLSchema-instance" xmlns:context="http://www.springframework.org/schema/context"
	xmlns:tx="http://www.springframework.org/schema/tx" xmlns:jpa="http://www.springframework.org/schema/data/jpa"
	xmlns:jdbc="http://www.springframework.org/schema/jdbc"
	xsi:schemaLocation="http://www.springframework.org/schema/beans 
		http://www.springframework.org/schema/beans/spring-beans.xsd 
		http://www.springframework.org/schema/context
	   	http://www.springframework.org/schema/context/spring-context.xsd
		http://www.springframework.org/schema/tx 
		http://www.springframework.org/schema/tx/spring-tx.xsd
		http://www.springframework.org/schema/jdbc 
        http://www.springframework.org/schema/jdbc/spring-jdbc.xsd
        http://www.springframework.org/schema/data/jpa
        http://www.springframework.org/schema/data/jpa/spring-jpa.xsd">

	<context:component-scan base-package="com.clinkast.qcm" />
	<jpa:repositories base-package="com.clinkast.qcm.repositories" />


	<!-- jdbc:hsqldb:mem:dataSource -->
	<jdbc:embedded-database id="testdb" type="HSQL">
		<jdbc:script location="classpath:*test-qcm-schema.sql" />
		<jdbc:script location="classpath:*test-qcm-data.sql" />
	</jdbc:embedded-database>

	<bean id="jdbcTemplate"
		class="org.springframework.jdbc.core.namedparam.NamedParameterJdbcTemplate">
		<constructor-arg ref="dataSource" />
	</bean>
	
	<bean id="dataSource"
		class="org.springframework.jdbc.datasource.DriverManagerDataSource">
		<property name="driverClassName" value="org.hsqldb.jdbc.JDBCDriver" />
		<property name="url" value="jdbc:hsqldb:mem:testdb" />
		<property name="username" value="SA" />
		<property name="password" value="" />
	</bean>

	<bean id="entityManagerFactory"
		class="org.springframework.orm.jpa.LocalContainerEntityManagerFactoryBean">
		<property name="persistenceUnitName" value="qcm-dao" />
		<property name="dataSource" ref="testdb" />
		<property name="jpaVendorAdapter">
			<bean class="org.springframework.orm.jpa.vendor.HibernateJpaVendorAdapter">
				<property name="showSql" value="false" />
			</bean>
		</property>
		<property name="jpaPropertyMap">
			<map>
				<entry key="hibernate.dialect" value="org.hibernate.dialect.HSQLDialect" />
				<entry key="hibernate.hbm2ddl.auto" value="validate" />
				<entry key="hibernate.format_sql" value="true" />
				<entry key="hibernate.use_sql_comments" value="false" />
			</map>
		</property>
	</bean>


	<!-- le gestionnaire de transactions -->
	<bean id="transactionManager" class="org.springframework.orm.jpa.JpaTransactionManager">
		<property name="entityManagerFactory" ref="entityManagerFactory" />
	</bean>

	<tx:annotation-driven />

	<!-- traduction des exceptions -->
	<bean
		class="org.springframework.dao.annotation.PersistenceExceptionTranslationPostProcessor" />

	<!-- persistence -->
	<bean
		class="org.springframework.orm.jpa.support.PersistenceAnnotationBeanPostProcessor" />

	<!-- Initialize Test data -->
	<!-- <bean id="initTestData" class="com.clinkast.qcm.init.TestDataInitializer" 
		/> <bean class="org.springframework.beans.factory.config.MethodInvokingFactoryBean"> 
		<property name="targetObject" ref="initTestData" /> <property name="targetMethod" 
		value="init" /> </bean> -->
	<bean id="encoder"
		class="org.springframework.security.crypto.bcrypt.BCryptPasswordEncoder">
	</bean>

</beans>